\BOOKMARK [1][-]{section.1}{\376\377\000R\000e\000q\000u\000i\000s\000i\000t\000o\000s}{}% 1
\BOOKMARK [2][-]{subsection.1.1}{\376\377\000I\000n\000t\000r\000o\000d\000u\000c\000c\000i\000\363\000n}{section.1}% 2
\BOOKMARK [2][-]{subsection.1.2}{\376\377\000D\000e\000s\000c\000r\000i\000p\000c\000i\000\363\000n\000\040\000g\000e\000n\000e\000r\000a\000l\000\040\000d\000e\000l\000\040\000p\000r\000o\000b\000l\000e\000m\000a\000/\000o\000r\000g\000a\000n\000i\000z\000a\000c\000i\000\363\000n\000/\000e\000m\000p\000r\000e\000s\000a}{section.1}% 3
\BOOKMARK [2][-]{subsection.1.3}{\376\377\000N\000e\000c\000e\000s\000i\000d\000a\000d\000/\000u\000s\000o\000s\000\040\000d\000e\000\040\000l\000a\000\040\000b\000a\000s\000e\000\040\000d\000e\000\040\000d\000a\000t\000o\000s}{section.1}% 4
\BOOKMARK [2][-]{subsection.1.4}{\376\377\000\277\000C\000\363\000m\000o\000\040\000r\000e\000s\000u\000e\000l\000v\000e\000\040\000e\000l\000\040\000p\000r\000o\000b\000l\000e\000m\000a\000\040\000d\000e\000\040\000h\000o\000y\000?}{section.1}% 5
\BOOKMARK [3][-]{subsubsection.1.4.1}{\376\377\000\277\000C\000\363\000m\000o\000\040\000s\000e\000\040\000a\000l\000m\000a\000c\000e\000n\000a\000n\000/\000p\000r\000o\000c\000e\000s\000a\000n\000\040\000l\000o\000s\000\040\000d\000a\000t\000o\000s\000\040\000h\000o\000y\000?}{subsection.1.4}% 6
\BOOKMARK [3][-]{subsubsection.1.4.2}{\376\377\000F\000l\000u\000j\000o\000\040\000d\000e\000\040\000d\000a\000t\000o\000s}{subsection.1.4}% 7
\BOOKMARK [2][-]{subsection.1.5}{\376\377\000D\000e\000s\000c\000r\000i\000p\000c\000i\000\363\000n\000\040\000d\000e\000t\000a\000l\000l\000a\000d\000a\000\040\000d\000e\000l\000\040\000s\000i\000s\000t\000e\000m\000a}{section.1}% 8
\BOOKMARK [3][-]{subsubsection.1.5.1}{\376\377\000O\000b\000j\000e\000t\000i\000v\000o\000s\000\040\000d\000e\000\040\000i\000n\000f\000o\000r\000m\000a\000c\000i\000\363\000n\000\040\000a\000c\000t\000u\000a\000l\000e\000s}{subsection.1.5}% 9
\BOOKMARK [3][-]{subsubsection.1.5.2}{\376\377\000C\000a\000r\000a\000c\000t\000e\000r\000\355\000s\000t\000i\000c\000a\000s\000\040\000y\000\040\000f\000u\000n\000c\000i\000o\000n\000a\000l\000i\000d\000a\000d\000e\000s\000\040\000e\000s\000p\000e\000r\000a\000d\000a\000s}{subsection.1.5}% 10
\BOOKMARK [3][-]{subsubsection.1.5.3}{\376\377\000T\000i\000p\000o\000s\000\040\000d\000e\000\040\000u\000s\000u\000a\000r\000i\000o\000s\000\040\000e\000x\000i\000s\000t\000e\000n\000t\000e\000s\000/\000n\000e\000c\000e\000s\000a\000r\000i\000o\000s}{subsection.1.5}% 11
\BOOKMARK [3][-]{subsubsection.1.5.4}{\376\377\000T\000i\000p\000o\000s\000\040\000d\000e\000\040\000c\000o\000n\000s\000u\000l\000t\000a\000,\000\040\000a\000c\000t\000u\000a\000l\000i\000z\000a\000c\000i\000o\000n\000e\000s}{subsection.1.5}% 12
\BOOKMARK [3][-]{subsubsection.1.5.5}{\376\377\000T\000a\000m\000a\000\361\000o\000\040\000d\000e\000\040\000l\000a\000\040\000b\000a\000s\000e\000\040\000d\000e\000\040\000d\000a\000t\000o\000s}{subsection.1.5}% 13
\BOOKMARK [2][-]{subsection.1.6}{\376\377\000O\000b\000j\000e\000t\000i\000v\000o\000s\000\040\000d\000e\000l\000\040\000p\000r\000o\000y\000e\000c\000t\000o}{section.1}% 14
\BOOKMARK [2][-]{subsection.1.7}{\376\377\000R\000e\000f\000e\000r\000e\000n\000c\000i\000a\000s\000\040\000d\000e\000l\000\040\000p\000r\000o\000y\000e\000c\000t\000o}{section.1}% 15
\BOOKMARK [2][-]{subsection.1.8}{\376\377\000E\000v\000e\000n\000t\000u\000a\000l\000i\000d\000a\000d\000e\000s}{section.1}% 16
\BOOKMARK [3][-]{subsubsection.1.8.1}{\376\377\000P\000r\000o\000b\000l\000e\000m\000a\000s\000\040\000q\000u\000e\000\040\000p\000u\000d\000i\000e\000r\000a\000n\000\040\000e\000n\000c\000o\000n\000t\000r\000a\000r\000s\000e\000\040\000e\000n\000\040\000e\000l\000\040\000p\000r\000o\000y\000e\000c\000t\000o}{subsection.1.8}% 17
\BOOKMARK [3][-]{subsubsection.1.8.2}{\376\377\000L\000i\000m\000i\000t\000e\000s\000\040\000y\000\040\000a\000l\000c\000a\000n\000c\000e\000s\000\040\000d\000e\000l\000\040\000p\000r\000o\000y\000e\000c\000t\000o}{subsection.1.8}% 18
\BOOKMARK [1][-]{section.2}{\376\377\000M\000o\000d\000e\000l\000o\000\040\000E\000n\000t\000i\000d\000a\000d\000-\000R\000e\000l\000a\000c\000i\000\363\000n}{}% 19
\BOOKMARK [2][-]{subsection.2.1}{\376\377\000R\000e\000g\000l\000a\000s\000\040\000s\000e\000m\000\341\000n\000t\000i\000c\000a\000s}{section.2}% 20
\BOOKMARK [2][-]{subsection.2.2}{\376\377\000M\000o\000d\000e\000l\000o\000\040\000E\000n\000t\000i\000d\000a\000d\000-\000R\000e\000l\000a\000c\000i\000\363\000n}{section.2}% 21
\BOOKMARK [2][-]{subsection.2.3}{\376\377\000E\000s\000p\000e\000c\000i\000f\000i\000c\000a\000c\000i\000o\000n\000e\000s\000\040\000y\000\040\000c\000o\000n\000s\000i\000d\000e\000r\000a\000c\000i\000o\000n\000e\000s\000\040\000s\000o\000b\000r\000e\000\040\000e\000l\000\040\000m\000o\000d\000e\000l\000o}{section.2}% 22
\BOOKMARK [3][-]{subsubsection.2.3.1}{\376\377\000E\000n\000t\000i\000d\000a\000d\000\040\000P\000e\000r\000s\000o\000n\000a}{subsection.2.3}% 23
\BOOKMARK [3][-]{subsubsection.2.3.2}{\376\377\000E\000n\000t\000i\000d\000a\000d\000\040\000C\000l\000i\000e\000n\000t\000e}{subsection.2.3}% 24
\BOOKMARK [3][-]{subsubsection.2.3.3}{\376\377\000E\000n\000t\000i\000d\000a\000d\000\040\000A\000s\000e\000s\000o\000r}{subsection.2.3}% 25
\BOOKMARK [3][-]{subsubsection.2.3.4}{\376\377\000E\000n\000t\000i\000d\000a\000d\000\040\000M\000e\000c\000\341\000n\000i\000c\000o}{subsection.2.3}% 26
\BOOKMARK [3][-]{subsubsection.2.3.5}{\376\377\000E\000n\000t\000i\000d\000a\000d\000\040\000R\000e\000p\000r\000e\000s\000e\000n\000t\000a\000n\000t\000e}{subsection.2.3}% 27
\BOOKMARK [3][-]{subsubsection.2.3.6}{\376\377\000E\000n\000t\000i\000d\000a\000d\000\040\000E\000m\000p\000r\000e\000s\000a}{subsection.2.3}% 28
\BOOKMARK [3][-]{subsubsection.2.3.7}{\376\377\000E\000n\000t\000i\000d\000a\000d\000\040\000S\000u\000m\000i\000n\000i\000s\000t\000r\000o}{subsection.2.3}% 29
\BOOKMARK [3][-]{subsubsection.2.3.8}{\376\377\000E\000n\000t\000i\000d\000a\000d\000\040\000C\000o\000m\000p\000r\000a}{subsection.2.3}% 30
\BOOKMARK [3][-]{subsubsection.2.3.9}{\376\377\000E\000n\000t\000i\000d\000a\000d\000\040\000V\000e\000h\000\355\000c\000u\000l\000o}{subsection.2.3}% 31
\BOOKMARK [3][-]{subsubsection.2.3.10}{\376\377\000E\000n\000t\000i\000d\000a\000d\000\040\000M\000o\000d\000e\000l\000o}{subsection.2.3}% 32
\BOOKMARK [3][-]{subsubsection.2.3.11}{\376\377\000E\000n\000t\000i\000d\000a\000d\000\040\000S\000e\000r\000v\000i\000c\000i\000o\000P\000o\000s\000t\000V\000e\000n\000t\000a}{subsection.2.3}% 33
\BOOKMARK [1][-]{section.3}{\376\377\000M\000o\000d\000e\000l\000o\000\040\000R\000e\000l\000a\000c\000i\000o\000n\000a\000l}{}% 34
\BOOKMARK [2][-]{subsection.3.1}{\376\377\000M\000o\000d\000e\000l\000o\000\040\000R\000e\000l\000a\000c\000i\000o\000n\000a\000l}{section.3}% 35
\BOOKMARK [2][-]{subsection.3.2}{\376\377\000E\000s\000p\000e\000c\000i\000f\000i\000c\000a\000c\000i\000o\000n\000e\000s\000\040\000d\000e\000\040\000t\000r\000a\000n\000s\000f\000o\000r\000m\000a\000c\000i\000\363\000n}{section.3}% 36
\BOOKMARK [3][-]{subsubsection.3.2.1}{\376\377\000E\000n\000t\000i\000d\000a\000d\000e\000s}{subsection.3.2}% 37
\BOOKMARK [3][-]{subsubsection.3.2.2}{\376\377\000E\000n\000t\000i\000d\000a\000d\000e\000s\000\040\000d\000\351\000b\000i\000l\000e\000s}{subsection.3.2}% 38
\BOOKMARK [3][-]{subsubsection.3.2.3}{\376\377\000E\000n\000t\000i\000d\000a\000d\000e\000s\000\040\000s\000u\000p\000e\000r\000c\000l\000a\000s\000e\000/\000s\000u\000b\000c\000l\000a\000s\000e}{subsection.3.2}% 39
\BOOKMARK [3][-]{subsubsection.3.2.4}{\376\377\000R\000e\000l\000a\000c\000i\000o\000n\000e\000s\000\040\000b\000i\000n\000a\000r\000i\000a\000s}{subsection.3.2}% 40
\BOOKMARK [2][-]{subsection.3.3}{\376\377\000D\000i\000c\000c\000i\000o\000n\000a\000r\000i\000o\000\040\000d\000e\000\040\000d\000a\000t\000o\000s}{section.3}% 41
