This is pdfTeX, Version 3.141592653-2.6-1.40.25 (TeX Live 2023/Arch Linux) (preloaded format=pdflatex 2023.5.29)  11 JUN 2023 20:09
entering extended mode
 restricted \write18 enabled.
 %&-line parsing enabled.
**informe.tex
(./informe.tex
LaTeX2e <2022-11-01> patch level 1
L3 programming layer <2023-02-22>
(/usr/share/texmf-dist/tex/latex/base/article.cls
Document Class: article 2022/07/02 v1.4n Standard LaTeX document class
(/usr/share/texmf-dist/tex/latex/base/size12.clo
File: size12.clo 2022/07/02 v1.4n Standard LaTeX file (size option)
)
\c@part=\count185
\c@section=\count186
\c@subsection=\count187
\c@subsubsection=\count188
\c@paragraph=\count189
\c@subparagraph=\count190
\c@figure=\count191
\c@table=\count192
\abovecaptionskip=\skip48
\belowcaptionskip=\skip49
\bibindent=\dimen140
)
(/usr/share/texmf-dist/tex/latex/graphics/graphicx.sty
Package: graphicx 2021/09/16 v1.2d Enhanced LaTeX Graphics (DPC,SPQR)

(/usr/share/texmf-dist/tex/latex/graphics/keyval.sty
Package: keyval 2022/05/29 v1.15 key=value parser (DPC)
\KV@toks@=\toks16
)
(/usr/share/texmf-dist/tex/latex/graphics/graphics.sty
Package: graphics 2022/03/10 v1.4e Standard LaTeX Graphics (DPC,SPQR)

(/usr/share/texmf-dist/tex/latex/graphics/trig.sty
Package: trig 2021/08/11 v1.11 sin cos tan (DPC)
)
(/usr/share/texmf-dist/tex/latex/graphics-cfg/graphics.cfg
File: graphics.cfg 2016/06/04 v1.11 sample graphics configuration
)
Package graphics Info: Driver file: pdftex.def on input line 107.

(/usr/share/texmf-dist/tex/latex/graphics-def/pdftex.def
File: pdftex.def 2022/09/22 v1.2b Graphics/color driver for pdftex
))
\Gin@req@height=\dimen141
\Gin@req@width=\dimen142
)
(/usr/share/texmf-dist/tex/latex/listings/listings.sty
\lst@mode=\count193
\lst@gtempboxa=\box51
\lst@token=\toks17
\lst@length=\count194
\lst@currlwidth=\dimen143
\lst@column=\count195
\lst@pos=\count196
\lst@lostspace=\dimen144
\lst@width=\dimen145
\lst@newlines=\count197
\lst@lineno=\count198
\lst@maxwidth=\dimen146

(/usr/share/texmf-dist/tex/latex/listings/lstmisc.sty
File: lstmisc.sty 2023/02/27 1.9 (Carsten Heinz)
\c@lstnumber=\count199
\lst@skipnumbers=\count266
\lst@framebox=\box52
)
(/usr/share/texmf-dist/tex/latex/listings/listings.cfg
File: listings.cfg 2023/02/27 1.9 listings configuration
))
Package: listings 2023/02/27 1.9 (Carsten Heinz)

(/usr/share/texmf-dist/tex/latex/graphics/color.sty
Package: color 2022/01/06 v1.3d Standard LaTeX Color (DPC)

(/usr/share/texmf-dist/tex/latex/graphics-cfg/color.cfg
File: color.cfg 2016/01/02 v1.6 sample color configuration
)
Package color Info: Driver file: pdftex.def on input line 149.

(/usr/share/texmf-dist/tex/latex/graphics/mathcolor.ltx))
(/usr/share/texmf-dist/tex/latex/amsmath/amsmath.sty
Package: amsmath 2022/04/08 v2.17n AMS math features
\@mathmargin=\skip50

For additional information on amsmath, use the `?' option.
(/usr/share/texmf-dist/tex/latex/amsmath/amstext.sty
Package: amstext 2021/08/26 v2.01 AMS text

(/usr/share/texmf-dist/tex/latex/amsmath/amsgen.sty
File: amsgen.sty 1999/11/30 v2.0 generic functions
\@emptytoks=\toks18
\ex@=\dimen147
))
(/usr/share/texmf-dist/tex/latex/amsmath/amsbsy.sty
Package: amsbsy 1999/11/29 v1.2d Bold Symbols
\pmbraise@=\dimen148
)
(/usr/share/texmf-dist/tex/latex/amsmath/amsopn.sty
Package: amsopn 2022/04/08 v2.04 operator names
)
\inf@bad=\count267
LaTeX Info: Redefining \frac on input line 234.
\uproot@=\count268
\leftroot@=\count269
LaTeX Info: Redefining \overline on input line 399.
LaTeX Info: Redefining \colon on input line 410.
\classnum@=\count270
\DOTSCASE@=\count271
LaTeX Info: Redefining \ldots on input line 496.
LaTeX Info: Redefining \dots on input line 499.
LaTeX Info: Redefining \cdots on input line 620.
\Mathstrutbox@=\box53
\strutbox@=\box54
LaTeX Info: Redefining \big on input line 722.
LaTeX Info: Redefining \Big on input line 723.
LaTeX Info: Redefining \bigg on input line 724.
LaTeX Info: Redefining \Bigg on input line 725.
\big@size=\dimen149
LaTeX Font Info:    Redeclaring font encoding OML on input line 743.
LaTeX Font Info:    Redeclaring font encoding OMS on input line 744.
\macc@depth=\count272
LaTeX Info: Redefining \bmod on input line 905.
LaTeX Info: Redefining \pmod on input line 910.
LaTeX Info: Redefining \smash on input line 940.
LaTeX Info: Redefining \relbar on input line 970.
LaTeX Info: Redefining \Relbar on input line 971.
\c@MaxMatrixCols=\count273
\dotsspace@=\muskip16
\c@parentequation=\count274
\dspbrk@lvl=\count275
\tag@help=\toks19
\row@=\count276
\column@=\count277
\maxfields@=\count278
\andhelp@=\toks20
\eqnshift@=\dimen150
\alignsep@=\dimen151
\tagshift@=\dimen152
\tagwidth@=\dimen153
\totwidth@=\dimen154
\lineht@=\dimen155
\@envbody=\toks21
\multlinegap=\skip51
\multlinetaggap=\skip52
\mathdisplay@stack=\toks22
LaTeX Info: Redefining \[ on input line 2953.
LaTeX Info: Redefining \] on input line 2954.
)
(/usr/share/texmf-dist/tex/latex/hyperref/hyperref.sty
Package: hyperref 2023-02-07 v7.00v Hypertext links for LaTeX

(/usr/share/texmf-dist/tex/generic/ltxcmds/ltxcmds.sty
Package: ltxcmds 2020-05-10 v1.25 LaTeX kernel commands for general use (HO)
)
(/usr/share/texmf-dist/tex/generic/iftex/iftex.sty
Package: iftex 2022/02/03 v1.0f TeX engine tests
)
(/usr/share/texmf-dist/tex/generic/pdftexcmds/pdftexcmds.sty
Package: pdftexcmds 2020-06-27 v0.33 Utility functions of pdfTeX for LuaTeX (HO
)

(/usr/share/texmf-dist/tex/generic/infwarerr/infwarerr.sty
Package: infwarerr 2019/12/03 v1.5 Providing info/warning/error messages (HO)
)
Package pdftexcmds Info: \pdf@primitive is available.
Package pdftexcmds Info: \pdf@ifprimitive is available.
Package pdftexcmds Info: \pdfdraftmode found.
)
(/usr/share/texmf-dist/tex/latex/kvsetkeys/kvsetkeys.sty
Package: kvsetkeys 2022-10-05 v1.19 Key value parser (HO)
)
(/usr/share/texmf-dist/tex/generic/kvdefinekeys/kvdefinekeys.sty
Package: kvdefinekeys 2019-12-19 v1.6 Define keys (HO)
)
(/usr/share/texmf-dist/tex/generic/pdfescape/pdfescape.sty
Package: pdfescape 2019/12/09 v1.15 Implements pdfTeX's escape features (HO)
)
(/usr/share/texmf-dist/tex/latex/hycolor/hycolor.sty
Package: hycolor 2020-01-27 v1.10 Color options for hyperref/bookmark (HO)
)
(/usr/share/texmf-dist/tex/latex/letltxmacro/letltxmacro.sty
Package: letltxmacro 2019/12/03 v1.6 Let assignment for LaTeX macros (HO)
)
(/usr/share/texmf-dist/tex/latex/auxhook/auxhook.sty
Package: auxhook 2019-12-17 v1.6 Hooks for auxiliary files (HO)
)
(/usr/share/texmf-dist/tex/latex/hyperref/nameref.sty
Package: nameref 2022-05-17 v2.50 Cross-referencing by name of section

(/usr/share/texmf-dist/tex/latex/refcount/refcount.sty
Package: refcount 2019/12/15 v3.6 Data extraction from label references (HO)
)
(/usr/share/texmf-dist/tex/generic/gettitlestring/gettitlestring.sty
Package: gettitlestring 2019/12/15 v1.6 Cleanup title references (HO)

(/usr/share/texmf-dist/tex/latex/kvoptions/kvoptions.sty
Package: kvoptions 2022-06-15 v3.15 Key value format for package options (HO)
))
\c@section@level=\count279
)
\@linkdim=\dimen156
\Hy@linkcounter=\count280
\Hy@pagecounter=\count281

(/usr/share/texmf-dist/tex/latex/hyperref/pd1enc.def
File: pd1enc.def 2023-02-07 v7.00v Hyperref: PDFDocEncoding definition (HO)
Now handling font encoding PD1 ...
... no UTF-8 mapping file for font encoding PD1
)
(/usr/share/texmf-dist/tex/generic/intcalc/intcalc.sty
Package: intcalc 2019/12/15 v1.3 Expandable calculations with integers (HO)
)
(/usr/share/texmf-dist/tex/generic/etexcmds/etexcmds.sty
Package: etexcmds 2019/12/15 v1.7 Avoid name clashes with e-TeX commands (HO)
)
\Hy@SavedSpaceFactor=\count282

(/usr/share/texmf-dist/tex/latex/hyperref/puenc.def
File: puenc.def 2023-02-07 v7.00v Hyperref: PDF Unicode definition (HO)
Now handling font encoding PU ...
... no UTF-8 mapping file for font encoding PU
)
Package hyperref Info: Hyper figures OFF on input line 4177.
Package hyperref Info: Link nesting OFF on input line 4182.
Package hyperref Info: Hyper index ON on input line 4185.
Package hyperref Info: Plain pages OFF on input line 4192.
Package hyperref Info: Backreferencing OFF on input line 4197.
Package hyperref Info: Implicit mode ON; LaTeX internals redefined.
Package hyperref Info: Bookmarks ON on input line 4425.
\c@Hy@tempcnt=\count283

(/usr/share/texmf-dist/tex/latex/url/url.sty
\Urlmuskip=\muskip17
Package: url 2013/09/16  ver 3.4  Verb mode for urls, etc.
)
LaTeX Info: Redefining \url on input line 4763.
\XeTeXLinkMargin=\dimen157

(/usr/share/texmf-dist/tex/generic/bitset/bitset.sty
Package: bitset 2019/12/09 v1.3 Handle bit-vector datatype (HO)

(/usr/share/texmf-dist/tex/generic/bigintcalc/bigintcalc.sty
Package: bigintcalc 2019/12/15 v1.5 Expandable calculations on big integers (HO
)
))
\Fld@menulength=\count284
\Field@Width=\dimen158
\Fld@charsize=\dimen159
Package hyperref Info: Hyper figures OFF on input line 6042.
Package hyperref Info: Link nesting OFF on input line 6047.
Package hyperref Info: Hyper index ON on input line 6050.
Package hyperref Info: backreferencing OFF on input line 6057.
Package hyperref Info: Link coloring OFF on input line 6062.
Package hyperref Info: Link coloring with OCG OFF on input line 6067.
Package hyperref Info: PDF/A mode OFF on input line 6072.

(/usr/share/texmf-dist/tex/latex/base/atbegshi-ltx.sty
Package: atbegshi-ltx 2021/01/10 v1.0c Emulation of the original atbegshi
package with kernel methods
)
\Hy@abspage=\count285
\c@Item=\count286
\c@Hfootnote=\count287
)
Package hyperref Info: Driver (autodetected): hpdftex.

(/usr/share/texmf-dist/tex/latex/hyperref/hpdftex.def
File: hpdftex.def 2023-02-07 v7.00v Hyperref driver for pdfTeX

(/usr/share/texmf-dist/tex/latex/base/atveryend-ltx.sty
Package: atveryend-ltx 2020/08/19 v1.0a Emulation of the original atveryend pac
kage
with kernel methods
)
\Fld@listcount=\count288
\c@bookmark@seq@number=\count289

(/usr/share/texmf-dist/tex/latex/rerunfilecheck/rerunfilecheck.sty
Package: rerunfilecheck 2022-07-10 v1.10 Rerun checks for auxiliary files (HO)

(/usr/share/texmf-dist/tex/generic/uniquecounter/uniquecounter.sty
Package: uniquecounter 2019/12/15 v1.4 Provide unlimited unique counter (HO)
)
Package uniquecounter Info: New unique counter `rerunfilecheck' on input line 2
85.
)
\Hy@SectionHShift=\skip53
)
(/usr/share/texmf-dist/tex/latex/l3backend/l3backend-pdftex.def
File: l3backend-pdftex.def 2023-01-16 L3 backend support: PDF output (pdfTeX)
\l__color_backend_stack_int=\count290
\l__pdf_internal_box=\box55
) (./informe.aux

LaTeX Warning: Label `tab:tablas' multiply defined.


LaTeX Warning: Label `tab:tablas' multiply defined.


LaTeX Warning: Label `tab:tablas' multiply defined.


LaTeX Warning: Label `tab:tablas' multiply defined.


LaTeX Warning: Label `tab:tablas' multiply defined.


LaTeX Warning: Label `tab:tablas' multiply defined.


LaTeX Warning: Label `tab:tablas' multiply defined.


LaTeX Warning: Label `tab:tablas' multiply defined.


LaTeX Warning: Label `tab:tablas' multiply defined.


LaTeX Warning: Label `tab:tablas' multiply defined.


LaTeX Warning: Label `tab:tablas' multiply defined.


LaTeX Warning: Label `tab:tablas' multiply defined.


LaTeX Warning: Label `tab:tablas' multiply defined.


LaTeX Warning: Label `tab:tablas' multiply defined.


LaTeX Warning: Label `tab:tablas' multiply defined.


LaTeX Warning: Label `tab:tablas' multiply defined.


LaTeX Warning: Label `tab:tablas' multiply defined.


LaTeX Warning: Label `tab:tablas' multiply defined.


LaTeX Warning: Label `tab:tablas' multiply defined.


LaTeX Warning: Label `tab:tablas' multiply defined.


LaTeX Warning: Label `tab:tablas' multiply defined.


LaTeX Warning: Label `tab:tablas' multiply defined.

)
\openout1 = `informe.aux'.

LaTeX Font Info:    Checking defaults for OML/cmm/m/it on input line 12.
LaTeX Font Info:    ... okay on input line 12.
LaTeX Font Info:    Checking defaults for OMS/cmsy/m/n on input line 12.
LaTeX Font Info:    ... okay on input line 12.
LaTeX Font Info:    Checking defaults for OT1/cmr/m/n on input line 12.
LaTeX Font Info:    ... okay on input line 12.
LaTeX Font Info:    Checking defaults for T1/cmr/m/n on input line 12.
LaTeX Font Info:    ... okay on input line 12.
LaTeX Font Info:    Checking defaults for TS1/cmr/m/n on input line 12.
LaTeX Font Info:    ... okay on input line 12.
LaTeX Font Info:    Checking defaults for OMX/cmex/m/n on input line 12.
LaTeX Font Info:    ... okay on input line 12.
LaTeX Font Info:    Checking defaults for U/cmr/m/n on input line 12.
LaTeX Font Info:    ... okay on input line 12.
LaTeX Font Info:    Checking defaults for PD1/pdf/m/n on input line 12.
LaTeX Font Info:    ... okay on input line 12.
LaTeX Font Info:    Checking defaults for PU/pdf/m/n on input line 12.
LaTeX Font Info:    ... okay on input line 12.
 (/usr/share/texmf-dist/tex/context/base/mkii/supp-pdf.mkii
[Loading MPS to PDF converter (version 2006.09.02).]
\scratchcounter=\count291
\scratchdimen=\dimen160
\scratchbox=\box56
\nofMPsegments=\count292
\nofMParguments=\count293
\everyMPshowfont=\toks23
\MPscratchCnt=\count294
\MPscratchDim=\dimen161
\MPnumerator=\count295
\makeMPintoPDFobject=\count296
\everyMPtoPDFconversion=\toks24
) (/usr/share/texmf-dist/tex/latex/epstopdf-pkg/epstopdf-base.sty
Package: epstopdf-base 2020-01-24 v2.11 Base part for package epstopdf
Package epstopdf-base Info: Redefining graphics rule for `.eps' on input line 4
85.

(/usr/share/texmf-dist/tex/latex/latexconfig/epstopdf-sys.cfg
File: epstopdf-sys.cfg 2010/07/13 v1.3 Configuration of (r)epstopdf for TeX Liv
e
))
\c@lstlisting=\count297
Package hyperref Info: Link coloring OFF on input line 12.
 (./informe.out) (./informe.out)
\@outlinefile=\write3
\openout3 = `informe.out'.

<autoland.jpeg, id=168, 200.75pt x 200.75pt>
File: autoland.jpeg Graphic file (type jpg)
<use autoland.jpeg>
Package pdftex.def Info: autoland.jpeg  used on input line 24.
(pdftex.def)             Requested size: 195.0pt x 195.01213pt.
 [1

{/var/lib/texmf/fonts/map/pdftex/updmap/pdftex.map} <./autoland.jpeg>] (./infor
me.toc [2])
\tf@toc=\write4
\openout4 = `informe.toc'.

 [3]
Overfull \hbox (40.64621pt too wide) in paragraph at lines 53--53
[]\OT1/cmr/bx/n/14.4 Descripci^^Son gen-eral del prob-le-ma/or-ga-ni-zaci^^Son/
empresa 
 []

[4] [5] [6]
Underfull \hbox (badness 1609) in paragraph at lines 110--110
[]\OT1/cmr/bx/n/12 Longitud del reg-
 []


Overfull \hbox (110.58478pt too wide) in paragraph at lines 130--147
 [][] 
 []


LaTeX Warning: `h' float specifier changed to `ht'.

[7] [8{/usr/share/texmf-dist/fonts/enc/dvips/cm-super/cm-super-ts1.enc}]
[9] [10] [11]
<ER.png, id=264, 1342.01375pt x 989.6975pt>
File: ER.png Graphic file (type png)
<use ER.png>
Package pdftex.def Info: ER.png  used on input line 261.
(pdftex.def)             Requested size: 390.0pt x 287.60898pt.
 [12 <./ER.png>] [13] [14]

! LaTeX Error: Command \dh unavailable in encoding OT1.

See the LaTeX manual or LaTeX Companion for explanation.
Type  H <return>  for immediate help.
 ...                                              
                                                  
l.342 ...or y el id del modelo, así como el cóð
                                                  igo del suministro con el ...

? 
[15]
Overfull \hbox (6.67639pt too wide) in paragraph at lines 374--375
[]\OT1/cmr/m/n/12 representante($[]$, Nom-bres: VAR-CHAR(50), Apel-
 []


Overfull \hbox (15.88316pt too wide) in paragraph at lines 376--377
[]\OT1/cmr/m/n/12 Compra($[]$\OT1/cmr/bx/n/12 , $[]$\OT1/cmr/m/n/12 , Veh^^S^^P
culo.VIN:,
 []

[16]
Overfull \hbox (25.26404pt too wide) in paragraph at lines 377--378
[]\OT1/cmr/m/n/12 Suministro($[]$\OT1/cmr/bx/n/12 , $[]$\OT1/cmr/m/n/12 , Fecha
:
 []


Overfull \hbox (26.68182pt too wide) in paragraph at lines 378--379
[]\OT1/cmr/m/n/12 Veh^^S^^Pculo($[]$, Color: VAR-CHAR(20), Pre-cio: FLOAT,
 []


Overfull \hbox (5.92094pt too wide) in paragraph at lines 378--379
\OT1/cmr/m/n/12 Kilo-me-traje: INT, Trans-misi^^Son: VAR-CHAR(10), En-Stock: BO
OLEAN,
 []


Overfull \hbox (20.06258pt too wide) in paragraph at lines 379--380
[]\OT1/cmr/m/n/12 Motor($[]$, Marca: VAR-CHAR(20), Com-bustible:
 []


Overfull \hbox (18.05115pt too wide) in paragraph at lines 381--382
[]\OT1/cmr/m/n/12 ServicioPostventa($[]$\OT1/cmr/bx/n/12 , $[]$\OT1/cmr/m/n/12 
, Fecha:
 []


Overfull \hbox (88.03871pt too wide) in paragraph at lines 382--383
[]\OT1/cmr/m/n/12 m[]inspecciona($[]$\OT1/cmr/bx/n/12 , $[]$\OT1/cmr/m/n/12 ,
 []


Overfull \hbox (61.28476pt too wide) in paragraph at lines 383--384
[]\OT1/cmr/m/n/12 m[]realiza($[]$\OT1/cmr/bx/n/12 , $[]$\OT1/cmr/m/n/12 ,
 []

[17] [18] [19] [20] [21]
Overfull \hbox (68.33853pt too wide) in paragraph at lines 592--603
 [] 
 []


Underfull \hbox (badness 6675) in paragraph at lines 615--616
[]\OT1/cmr/m/n/12 N^^Sumero de iden-ti-fi-caci^^Son del
 []


Overfull \hbox (68.33853pt too wide) in paragraph at lines 611--622
 [] 
 []


Underfull \hbox (badness 6675) in paragraph at lines 634--635
[]\OT1/cmr/m/n/12 N^^Sumero de iden-ti-fi-caci^^Son del
 []


Overfull \hbox (68.33853pt too wide) in paragraph at lines 630--639
 [] 
 []


Overfull \hbox (68.33853pt too wide) in paragraph at lines 647--657
 [] 
 []


Overfull \hbox (0.7867pt too wide) in paragraph at lines 670--670
[]\OT1/cmr/m/n/12 VARCHAR(100)| 
 []


Overfull \hbox (68.33853pt too wide) in paragraph at lines 665--673
 [] 
 []


Underfull \hbox (badness 6675) in paragraph at lines 687--688
[]\OT1/cmr/m/n/12 N^^Sumero de iden-ti-fi-caci^^Son del
 []


Overfull \hbox (68.33853pt too wide) in paragraph at lines 681--692
 [] 
 []


Overfull \hbox (12.61018pt too wide) in paragraph at lines 704--704
[]\OT1/cmr/m/n/12 Representante.DNI| 
 []


Overfull \hbox (68.33853pt too wide) in paragraph at lines 700--710
 [] 
 []


Underfull \hbox (badness 6675) in paragraph at lines 722--723
[]\OT1/cmr/m/n/12 N^^Sumero de iden-ti-fi-caci^^Son del
 []


Overfull \hbox (5.37274pt too wide) in paragraph at lines 729--729
[]\OT1/cmr/m/n/12 Modelo.Categoria| 
 []


Overfull \hbox (68.33853pt too wide) in paragraph at lines 718--732
 [] 
 []


Overfull \hbox (68.33853pt too wide) in paragraph at lines 740--752
 [] 
 []


Overfull \hbox (68.33853pt too wide) in paragraph at lines 760--771
 [] 
 []


Underfull \hbox (badness 6675) in paragraph at lines 783--784
[]\OT1/cmr/m/n/12 N^^Sumero de iden-ti-fi-caci^^Son del
 []


Underfull \hbox (badness 1789) in paragraph at lines 784--785
[]\OT1/cmr/m/n/12 N^^Sumero de or-den del ser-vi-cio
 []


Overfull \hbox (68.33853pt too wide) in paragraph at lines 779--790
 [] 
 []


Overfull \hbox (7.82118pt too wide) in paragraph at lines 798--810
 [] 
 []


LaTeX Warning: `h' float specifier changed to `ht'.


LaTeX Warning: `h' float specifier changed to `ht'.

[22] [23] [24] [25] [26] (./informe.aux)

LaTeX Warning: There were multiply-defined labels.

Package rerunfilecheck Info: File `informe.out' has not changed.
(rerunfilecheck)             Checksum: 58DC0311386385B73805DA7182B6CDF3;7894.
 ) 
Here is how much of TeX's memory you used:
 10435 strings out of 476025
 160813 string characters out of 5796532
 1905388 words of memory out of 5000000
 30665 multiletter control sequences out of 15000+600000
 518917 words of font info for 55 fonts, out of 8000000 for 9000
 1141 hyphenation exceptions out of 8191
 75i,11n,76p,706b,526s stack positions out of 5000i,500n,10000p,200000b,80000s
</usr/share/texmf-dist/fonts/type1/public/amsfonts/cm/cmbx12.pfb></usr/share/
texmf-dist/fonts/type1/public/amsfonts/cm/cmr12.pfb></usr/share/texmf-dist/font
s/type1/public/amsfonts/cm/cmr17.pfb></usr/share/texmf-dist/fonts/type1/public/
cm-super/sfrm1200.pfb>
Output written on informe.pdf (26 pages, 236745 bytes).
PDF statistics:
 413 PDF objects out of 1000 (max. 8388607)
 370 compressed objects within 4 object streams
 108 named destinations out of 1000 (max. 500000)
 339 words of extra memory for PDF output out of 10000 (max. 10000000)

